<?xml version="1.0" encoding="UTF-8"?>
<!-- Generated by org.testng.reporters.JUnitXMLReporter -->
<testsuite ignored="0" hostname="DESKTOP-L335FGR" failures="0" tests="3" name="Default test" time="39.408" errors="0" timestamp="2025-08-13T20:04:35 IST">
  <testcase classname="testcases.EmployeeListTestCases" name="searchEmployee" time="2.177"/>
  <testcase classname="testcases.EmployeeListTestCases" name="validateRandomSearch" time="1.145"/>
  <testcase classname="testcases.EmployeeListTestCases" name="validateaddButtonFunctionality" time="1.734"/>
</testsuite> <!-- Default test -->
