<?xml version="1.0" encoding="UTF-8"?>
<!-- Generated by org.testng.reporters.JUnitXMLReporter -->
<testsuite ignored="0" hostname="DESKTOP-7KA7NO1" failures="0" tests="3" name="Default test" time="18.13" errors="0" timestamp="2025-08-13T10:42:18 IST">
  <testcase classname="testcases.LoginTestCases" name="validateLogin" time="1.744"/>
  <testcase classname="testcases.LoginTestCases" name="invalidLogin" time="2.261"/>
  <testcase classname="testcases.LoginTestCases" name="invalidLogin" time="1.742"/>
</testsuite> <!-- Default test -->
