<?xml version="1.0" encoding="UTF-8"?>
<!-- Generated by org.testng.reporters.JUnitXMLReporter -->
<testsuite ignored="0" hostname="DESKTOP-L335FGR" failures="1" tests="10" name="Test" time="131.469" errors="0" timestamp="2025-08-13T19:08:07 IST">
  <testcase classname="testcases.PIMPageTestCases" name="validateAddEmployeeTab" time="1.437"/>
  <testcase classname="testcases.LoginTestCases" name="validateLogin" time="1.568">
    <skipped/>
  </testcase> <!-- validateLogin -->
  <testcase classname="testcases.LoginTestCases" name="validateLogin" time="3.016"/>
  <testcase classname="testcases.LoginTestCases" name="invalidLogin" time="2.514"/>
  <testcase classname="testcases.LoginTestCases" name="invalidLogin" time="3.088"/>
  <testcase classname="testcases.AddEmployeeTestCases" name="validateAddEmployee" time="1.357"/>
  <testcase classname="testcases.HomePageTestCases" name="validateLogout" time="2.451"/>
  <testcase classname="testcases.HomePageTestCases" name="validatePIMLink" time="3.189"/>
  <testcase classname="testcases.EmployeeListTestCases" name="searchEmployee" time="2.524">
    <failure type="java.lang.AssertionError">
      <![CDATA[java.lang.AssertionError: 
at testcases.EmployeeListTestCases.searchEmployee(EmployeeListTestCases.java:26)
at java.base/java.util.ArrayList.forEach(ArrayList.java:1511)
... Removed 30 stack frames]]>
    </failure>
  </testcase> <!-- searchEmployee -->
  <testcase classname="testcases.EmployeeListTestCases" name="validateRandomSearch" time="1.179"/>
</testsuite> <!-- Test -->
