<?xml version="1.0" encoding="UTF-8"?>
<!-- Generated by org.testng.reporters.JUnitReportReporter -->
<testsuite hostname="DESKTOP-7KA7NO1" failures="0" tests="3" name="testcases.LoginTestCases" time="17.552" errors="0" timestamp="2025-08-13T10:42:18 IST" skipped="0">
  <testcase classname="testcases.LoginTestCases" name="validateLogin" time="5.746"/>
  <testcase classname="testcases.LoginTestCases" name="invalidLogin" time="5.823"/>
  <testcase classname="testcases.LoginTestCases" name="invalidLogin" time="5.983"/>
</testsuite> <!-- testcases.LoginTestCases -->
