<?xml version="1.0" encoding="UTF-8"?>
<!-- Generated by org.testng.reporters.JUnitReportReporter -->
<testsuite hostname="DESKTOP-L335FGR" failures="0" tests="2" name="testcases.EmployeeListTestCases" time="25.967" errors="0" timestamp="2025-08-11T21:04:55 IST" skipped="0">
  <testcase classname="testcases.EmployeeListTestCases" name="searchEmployee" time="13.613"/>
  <testcase classname="testcases.EmployeeListTestCases" name="validateRandomSearch" time="12.354"/>
</testsuite> <!-- testcases.EmployeeListTestCases -->
