<?xml version="1.0" encoding="UTF-8"?>
<!-- Generated by org.testng.reporters.JUnitReportReporter -->
<testsuite hostname="DESKTOP-L335FGR" failures="0" tests="3" name="testcases.EmployeeListTestCases" time="39.036" errors="0" timestamp="2025-08-13T20:04:35 IST" skipped="0">
  <testcase classname="testcases.EmployeeListTestCases" name="searchEmployee" time="13.988"/>
  <testcase classname="testcases.EmployeeListTestCases" name="validateRandomSearch" time="12.473"/>
  <testcase classname="testcases.EmployeeListTestCases" name="validateaddButtonFunctionality" time="12.575"/>
</testsuite> <!-- testcases.EmployeeListTestCases -->
