<?xml version="1.0" encoding="UTF-8"?>
<!-- Generated by org.testng.reporters.JUnitReportReporter -->
<testsuite hostname="DESKTOP-L335FGR" failures="0" tests="4" name="testcases.LoginTestCases" time="41.680" errors="0" timestamp="2025-08-13T19:08:07 IST" skipped="1">
  <testcase classname="testcases.LoginTestCases" name="validateLogin" time="11.285"/>
  <testcase classname="testcases.LoginTestCases" name="validateLogin" time="9.044">
    <skipped/>
  </testcase> <!-- validateLogin -->
  <testcase classname="testcases.LoginTestCases" name="invalidLogin" time="11.460"/>
  <testcase classname="testcases.LoginTestCases" name="invalidLogin" time="9.891"/>
</testsuite> <!-- testcases.LoginTestCases -->
