<?xml version="1.0" encoding="UTF-8"?>
<!-- Generated by org.testng.reporters.JUnitReportReporter -->
<testsuite hostname="DESKTOP-L335FGR" failures="0" tests="2" name="testcases.HomePageTestCases" time="33.696" errors="0" timestamp="2025-08-09T15:49:15 IST" skipped="0">
  <testcase classname="testcases.HomePageTestCases" name="validateLogout" time="15.990"/>
  <testcase classname="testcases.HomePageTestCases" name="validatePIMLink" time="17.706"/>
</testsuite> <!-- testcases.HomePageTestCases -->
