<?xml version="1.0" encoding="UTF-8"?>
<!-- Generated by org.testng.reporters.JUnitReportReporter -->
<testsuite hostname="DESKTOP-L335FGR" failures="0" tests="2" name="testcases.HomePageTestCases" time="25.690" errors="0" timestamp="2025-08-13T19:08:07 IST" skipped="0">
  <testcase classname="testcases.HomePageTestCases" name="validateLogout" time="10.553"/>
  <testcase classname="testcases.HomePageTestCases" name="validatePIMLink" time="15.137"/>
</testsuite> <!-- testcases.HomePageTestCases -->
